2025-03-12 03:08:49 - ETL - INFO - ############## STARTING ETL PROCESS ##############
2025-03-12 03:08:49 - ETL - INFO - ##################### BRONZE #####################
2025-03-12 03:08:49 - ETL - INFO - ##########  BRONZE: bronze_crimes_cellphones/2024
2025-03-12 03:11:44 - ETL - INFO - read_data: 174.27s
2025-03-12 03:11:44 - ETL - INFO - treat_data: 0.53s
2025-03-12 03:12:01 - ETL - INFO - write_data: 17.32s
2025-03-12 03:12:02 - ETL - INFO - rows: 412527
2025-03-12 03:12:04 - ETL - INFO - test_data: 2.44s
2025-03-12 03:12:04 - ETL - INFO - ##########  BRONZE: bronze_crimes_cellphones/2023
2025-03-12 03:15:28 - ETL - INFO - read_data: 204.54s
2025-03-12 03:15:29 - ETL - INFO - treat_data: 0.33s
2025-03-12 03:15:43 - ETL - INFO - write_data: 13.83s
2025-03-12 03:15:43 - ETL - INFO - rows: 902681
2025-03-12 03:15:44 - ETL - INFO - test_data: 1.91s
2025-03-12 03:15:44 - ETL - INFO - ##########  BRONZE: bronze_crimes_cellphones/2022
2025-03-12 03:18:20 - ETL - INFO - read_data: 155.85s
2025-03-12 03:18:21 - ETL - INFO - treat_data: 0.29s
2025-03-12 03:18:32 - ETL - INFO - write_data: 11.52s
2025-03-12 03:18:32 - ETL - INFO - rows: 1345411
2025-03-12 03:18:34 - ETL - INFO - test_data: 1.87s
2025-03-12 03:18:34 - ETL - INFO - ##########  BRONZE: bronze_crimes_cellphones/2021
2025-03-12 03:20:49 - ETL - INFO - read_data: 135.48s
2025-03-12 03:20:50 - ETL - INFO - treat_data: 0.28s
2025-03-12 03:21:00 - ETL - INFO - write_data: 10.14s
2025-03-12 03:21:00 - ETL - INFO - rows: 1737655
2025-03-12 03:21:02 - ETL - INFO - test_data: 2.04s
2025-03-12 03:21:02 - ETL - INFO - ##########  BRONZE: bronze_crimes_cellphones/2020
2025-03-12 03:23:13 - ETL - INFO - read_data: 130.76s
2025-03-12 03:23:13 - ETL - INFO - treat_data: 0.28s
2025-03-12 03:23:23 - ETL - INFO - write_data: 10.41s
2025-03-12 03:23:24 - ETL - INFO - rows: 2110690
2025-03-12 03:23:26 - ETL - INFO - test_data: 2.37s
2025-03-12 03:23:26 - ETL - INFO - ##########  BRONZE: bronze_crimes_cellphones/2019
2025-03-12 03:26:25 - ETL - INFO - read_data: 179.44s
2025-03-12 03:26:25 - ETL - INFO - treat_data: 0.22s
2025-03-12 03:26:39 - ETL - INFO - write_data: 13.91s
2025-03-12 03:26:40 - ETL - INFO - rows: 2629015
2025-03-12 03:26:42 - ETL - INFO - test_data: 3.15s
2025-03-12 03:26:42 - ETL - INFO - ##########  BRONZE: bronze_crimes_cellphones/2018
2025-03-12 03:29:34 - ETL - INFO - read_data: 171.36s
2025-03-12 03:29:34 - ETL - INFO - treat_data: 0.28s
2025-03-12 03:29:47 - ETL - INFO - write_data: 12.50s
2025-03-12 03:29:47 - ETL - INFO - rows: 3122601
2025-03-12 03:29:50 - ETL - INFO - test_data: 3.00s
2025-03-12 03:29:50 - ETL - INFO - ##########  BRONZE: bronze_crimes_cellphones/2017
2025-03-12 03:32:51 - ETL - INFO - read_data: 181.16s
2025-03-12 03:32:51 - ETL - INFO - treat_data: 0.25s
2025-03-12 03:33:04 - ETL - INFO - write_data: 13.35s
2025-03-12 03:33:05 - ETL - INFO - rows: 3644312
2025-03-12 03:33:08 - ETL - INFO - test_data: 3.16s
2025-03-12 03:33:08 - ETL - INFO - ##########  BRONZE: bronze_crimes_vehicles/2024
2025-03-12 03:35:01 - ETL - INFO - read_data: 113.46s
2025-03-12 03:35:01 - ETL - INFO - treat_data: 0.28s
2025-03-12 03:35:10 - ETL - INFO - write_data: 8.55s
2025-03-12 03:35:10 - ETL - INFO - rows: 274733
2025-03-12 03:35:11 - ETL - INFO - test_data: 0.70s
2025-03-12 03:35:11 - ETL - INFO - ##########  BRONZE: bronze_crimes_vehicles/2023
2025-03-12 03:37:14 - ETL - INFO - read_data: 123.08s
2025-03-12 03:37:14 - ETL - INFO - treat_data: 0.27s
2025-03-12 03:37:23 - ETL - INFO - write_data: 8.84s
2025-03-12 03:37:23 - ETL - INFO - rows: 583074
2025-03-12 03:37:24 - ETL - INFO - test_data: 0.92s
2025-03-12 03:37:24 - ETL - INFO - ##########  BRONZE: bronze_crimes_vehicles/2022
2025-03-12 03:38:47 - ETL - INFO - read_data: 83.42s
2025-03-12 03:38:47 - ETL - INFO - treat_data: 0.22s
2025-03-12 03:38:55 - ETL - INFO - write_data: 7.61s
2025-03-12 03:38:55 - ETL - INFO - rows: 799262
2025-03-12 03:38:56 - ETL - INFO - test_data: 1.15s
2025-03-12 03:38:56 - ETL - INFO - ##########  BRONZE: bronze_crimes_vehicles/2021
2025-03-12 03:40:02 - ETL - INFO - read_data: 66.24s
2025-03-12 03:40:03 - ETL - INFO - treat_data: 0.25s
2025-03-12 03:40:09 - ETL - INFO - write_data: 6.77s
2025-03-12 03:40:09 - ETL - INFO - rows: 973354
2025-03-12 03:40:11 - ETL - INFO - test_data: 1.26s
2025-03-12 03:40:11 - ETL - INFO - ##########  BRONZE: bronze_crimes_vehicles/2020
2025-03-12 03:41:12 - ETL - INFO - read_data: 61.45s
2025-03-12 03:41:12 - ETL - INFO - treat_data: 0.25s
2025-03-12 03:41:18 - ETL - INFO - write_data: 6.01s
2025-03-12 03:41:18 - ETL - INFO - rows: 1136603
2025-03-12 03:41:20 - ETL - INFO - test_data: 1.58s
2025-03-12 03:41:20 - ETL - INFO - ##########  BRONZE: bronze_crimes_vehicles/2019
2025-03-12 03:42:46 - ETL - INFO - read_data: 85.78s
2025-03-12 03:42:46 - ETL - INFO - treat_data: 0.25s
2025-03-12 03:42:53 - ETL - INFO - write_data: 7.62s
2025-03-12 03:42:54 - ETL - INFO - rows: 1363930
2025-03-12 03:42:55 - ETL - INFO - test_data: 1.48s
2025-03-12 03:42:55 - ETL - INFO - ##########  BRONZE: bronze_crimes_vehicles/2018
2025-03-12 03:44:35 - ETL - INFO - read_data: 99.71s
2025-03-12 03:44:35 - ETL - INFO - treat_data: 0.24s
2025-03-12 03:44:43 - ETL - INFO - write_data: 8.41s
2025-03-12 03:44:44 - ETL - INFO - rows: 1628499
2025-03-12 03:44:45 - ETL - INFO - test_data: 1.86s
2025-03-12 03:44:45 - ETL - INFO - ##########  BRONZE: bronze_crimes_vehicles/2017
2025-03-12 03:46:29 - ETL - INFO - read_data: 103.93s
2025-03-12 03:46:29 - ETL - INFO - treat_data: 0.25s
2025-03-12 03:46:38 - ETL - INFO - write_data: 8.11s
2025-03-12 03:46:38 - ETL - INFO - rows: 1905879
2025-03-12 03:46:39 - ETL - INFO - test_data: 1.99s
2025-03-12 03:46:39 - ETL - INFO - ##########  BRONZE: bronze_crimes_others/2024
2025-03-12 03:51:14 - ETL - INFO - read_data: 274.61s
2025-03-12 03:51:14 - ETL - INFO - treat_data: 0.15s
2025-03-12 03:51:31 - ETL - INFO - write_data: 17.10s
2025-03-12 03:51:32 - ETL - INFO - rows: 1191801
2025-03-12 03:51:33 - ETL - INFO - test_data: 1.87s
2025-03-12 03:51:33 - ETL - INFO - ##########  BRONZE: bronze_crimes_others/2023
2025-03-12 03:56:22 - ETL - INFO - read_data: 289.25s
2025-03-12 03:56:23 - ETL - INFO - treat_data: 0.13s
2025-03-12 03:56:44 - ETL - INFO - write_data: 20.92s
2025-03-12 03:56:44 - ETL - INFO - rows: 2433710
2025-03-12 03:56:46 - ETL - INFO - test_data: 2.83s
2025-03-12 03:56:46 - ETL - INFO - ##########  BRONZE: bronze_crimes_others/2022
2025-03-12 04:00:53 - ETL - INFO - read_data: 246.60s
2025-03-12 04:00:53 - ETL - INFO - treat_data: 0.13s
2025-03-12 04:01:11 - ETL - INFO - write_data: 17.73s
2025-03-12 04:01:11 - ETL - INFO - rows: 3631683
2025-03-12 04:01:15 - ETL - INFO - test_data: 4.18s
2025-03-12 04:01:15 - ETL - INFO - ##########  BRONZE: bronze_scs_demographics/2022
2025-03-12 04:01:15 - ETL - INFO - read_data: 0.43s
2025-03-12 04:01:16 - ETL - INFO - treat_data: 0.24s
2025-03-12 04:01:25 - ETL - INFO - write_data: 9.24s
2025-03-12 04:01:25 - ETL - INFO - rows: 468099
2025-03-12 04:01:26 - ETL - INFO - test_data: 1.16s
2025-03-12 04:01:26 - ETL - INFO - ##########  BRONZE: bronze_scs_geom/2022
2025-03-12 04:01:26 - ETL - INFO - read_data: 0.16s
2025-03-12 04:01:26 - ETL - INFO - treat_data: 0.19s
2025-03-12 04:03:40 - ETL - INFO - write_data: 133.77s
2025-03-12 04:03:40 - ETL - INFO - rows: 472780
2025-03-12 04:04:30 - ETL - INFO - test_data: 49.78s
2025-03-12 04:04:30 - ETL - INFO - tables: 3340.67s
2025-03-12 04:04:30 - ETL - INFO - ##################### SILVER #####################
2025-03-12 04:04:30 - ETL - INFO - ##########  SILVER: silver_scs_demographics
2025-03-12 04:04:30 - ETL - INFO - read_data: 0.09s
2025-03-12 04:04:30 - ETL - INFO - treat_data_scs_demographics: 0.04s
2025-03-12 04:04:33 - ETL - INFO - write_data: 2.42s
2025-03-12 04:04:33 - ETL - INFO - rows: 103319
2025-03-12 04:04:33 - ETL - INFO - test_data: 0.88s
2025-03-12 04:04:33 - ETL - INFO - silver_scs_demographics: 3.42s
2025-03-12 04:04:33 - ETL - INFO - ##########  SILVER: silver_mun_demographics
2025-03-12 04:04:34 - ETL - INFO - read_data: 0.11s
2025-03-12 04:04:34 - ETL - INFO - treat_data_mun_demographics: 0.05s
2025-03-12 04:04:34 - ETL - INFO - write_data: 0.78s
2025-03-12 04:04:35 - ETL - INFO - rows: 645
2025-03-12 04:04:35 - ETL - INFO - test_data: 0.51s
2025-03-12 04:04:35 - ETL - INFO - silver_mun_demographics: 1.45s
2025-03-12 04:04:35 - ETL - INFO - ##########  SILVER: silver_scs_geom
2025-03-12 04:04:35 - ETL - INFO - read_data: 0.10s
2025-03-12 04:04:35 - ETL - INFO - treat_data_scs_geom: 0.22s
2025-03-12 04:04:46 - ETL - INFO - write_data: 10.81s
2025-03-12 04:04:46 - ETL - INFO - rows: 103319
2025-03-12 04:04:53 - ETL - INFO - test_data: 7.06s
2025-03-12 04:04:53 - ETL - INFO - silver_scs_geom: 18.19s
2025-03-12 04:04:53 - ETL - INFO - ##########  SILVER: silver_mun_geom
2025-03-12 04:04:53 - ETL - INFO - read_data: 0.08s
2025-03-12 04:04:53 - ETL - INFO - treat_data_mun_geom: 0.08s
2025-03-12 04:05:26 - ETL - INFO - write_data: 32.67s
2025-03-12 04:05:26 - ETL - INFO - rows: 645
2025-03-12 04:05:27 - ETL - INFO - test_data: 1.09s
2025-03-12 04:05:27 - ETL - INFO - silver_mun_geom: 33.91s
2025-03-12 04:05:27 - ETL - INFO - ##########  SILVER: silver_scs
2025-03-12 04:05:27 - ETL - INFO - read_data: 0.07s
2025-03-12 04:05:27 - ETL - INFO - read_data: 0.06s
2025-03-12 04:05:27 - ETL - INFO - treat_data_final: 0.03s
2025-03-12 04:05:29 - ETL - INFO - write_data: 1.92s
2025-03-12 04:05:29 - ETL - INFO - rows: 103319
2025-03-12 04:05:36 - ETL - INFO - test_data: 6.89s
2025-03-12 04:05:36 - ETL - INFO - silver_scs: 8.98s
2025-03-12 04:05:36 - ETL - INFO - ##########  SILVER: silver_mun
2025-03-12 04:05:36 - ETL - INFO - read_data: 0.09s
2025-03-12 04:05:36 - ETL - INFO - read_data: 0.07s
2025-03-12 04:05:36 - ETL - INFO - treat_data_final: 0.02s
2025-03-12 04:05:40 - ETL - INFO - write_data: 4.35s
2025-03-12 04:05:44 - ETL - INFO - rows: 645
2025-03-12 04:05:47 - ETL - INFO - test_data: 6.31s
2025-03-12 04:05:47 - ETL - INFO - silver_mun: 10.87s
2025-03-12 04:05:47 - ETL - INFO - tables: 76.82s
2025-03-12 04:05:47 - ETL - INFO - ##########  SILVER: silver_crimes_cellphones
2025-03-12 04:05:47 - ETL - INFO - read_data: 0.12s
2025-03-12 04:05:47 - ETL - INFO - treat_data: 0.36s
2025-03-12 04:06:34 - ETL - INFO - write_data: 46.74s
2025-03-12 04:06:34 - ETL - INFO - rows: 2239322
2025-03-12 04:06:39 - ETL - INFO - test_data: 5.02s
2025-03-12 04:06:39 - ETL - INFO - silver_crimes_cellphones: 52.24s
2025-03-12 04:06:39 - ETL - INFO - ##########  SILVER: silver_crimes_vehicles
2025-03-12 04:06:39 - ETL - INFO - read_data: 0.12s
2025-03-12 04:06:39 - ETL - INFO - treat_data: 0.26s
2025-03-12 04:06:59 - ETL - INFO - write_data: 19.91s
2025-03-12 04:07:00 - ETL - INFO - rows: 1097697
2025-03-12 04:07:02 - ETL - INFO - test_data: 2.34s
2025-03-12 04:07:02 - ETL - INFO - silver_crimes_vehicles: 22.63s
2025-03-12 04:07:02 - ETL - INFO - ##########  SILVER: silver_crimes_others
2025-03-12 04:07:02 - ETL - INFO - read_data: 0.10s
2025-03-12 04:07:02 - ETL - INFO - treat_data: 0.25s
2025-03-12 04:07:36 - ETL - INFO - write_data: 34.05s
2025-03-12 04:07:36 - ETL - INFO - rows: 2560725
2025-03-12 04:07:40 - ETL - INFO - test_data: 4.09s
2025-03-12 04:07:40 - ETL - INFO - silver_crimes_others: 38.50s
2025-03-12 04:07:40 - ETL - INFO - ##########  SILVER: silver_crimes
2025-03-12 04:07:40 - ETL - INFO - read_data: 0.09s
2025-03-12 04:07:40 - ETL - INFO - read_data: 0.07s
2025-03-12 04:07:40 - ETL - INFO - read_data: 0.08s
2025-03-12 04:07:40 - ETL - INFO - read_data: 0.06s
2025-03-12 04:07:41 - ETL - INFO - treat_data_crimes: 0.21s
2025-03-12 04:12:54 - ETL - INFO - write_data: 313.79s
2025-03-12 04:13:09 - ETL - INFO - rows: 5047988
2025-03-12 04:14:30 - ETL - INFO - test_data: 95.31s
2025-03-12 04:14:30 - ETL - INFO - silver_crimes: 409.63s
2025-03-12 04:14:30 - ETL - INFO - tables: 523.00s
2025-03-12 04:14:30 - ETL - INFO - ###################### GOLD ######################
2025-03-12 04:14:30 - ETL - INFO - ##########  GOLD: gold_crimes
2025-03-12 04:14:32 - ETL - INFO - read_data: 2.25s
2025-03-12 04:14:32 - ETL - INFO - treat_data_crimes: 0.00s
2025-03-12 04:15:17 - ETL - INFO - write_data: 44.45s
2025-03-12 04:15:17 - ETL - INFO - rows: 5047988
2025-03-12 04:15:21 - ETL - INFO - test_data: 4.78s
2025-03-12 04:15:21 - ETL - INFO - gold_crimes: 51.48s
2025-03-12 04:15:21 - ETL - INFO - ##########  GOLD: gold_crimes_scs
2025-03-12 04:15:23 - ETL - INFO - read_data: 2.19s
2025-03-12 04:15:24 - ETL - INFO - read_data: 0.06s
2025-03-12 04:15:39 - ETL - INFO - treat_data_scs: 15.94s
2025-03-12 04:16:38 - ETL - INFO - write_data: 58.62s
2025-03-12 04:16:38 - ETL - INFO - rows: 532229
2025-03-12 04:16:41 - ETL - INFO - test_data: 3.40s
2025-03-12 04:16:41 - ETL - INFO - gold_crimes_scs: 80.21s
2025-03-12 04:16:41 - ETL - INFO - ##########  GOLD: gold_crimes_mun
2025-03-12 04:16:44 - ETL - INFO - read_data: 2.26s
2025-03-12 04:16:45 - ETL - INFO - read_data: 1.01s
2025-03-12 04:16:59 - ETL - INFO - treat_data_mun: 14.65s
2025-03-12 04:17:43 - ETL - INFO - write_data: 43.48s
2025-03-12 04:17:43 - ETL - INFO - rows: 4952
2025-03-12 04:17:45 - ETL - INFO - test_data: 1.72s
2025-03-12 04:17:45 - ETL - INFO - gold_crimes_mun: 63.11s
2025-03-12 04:17:46 - ETL - INFO - ################ ETL PROCESS DONE ################
