2025-03-19 19:26:10 - ETL - INFO - ############## STARTING ETL PROCESS ##############
2025-03-19 19:26:10 - ETL - INFO - ##################### BRONZE #####################
2025-03-19 19:26:10 - ETL - INFO - ##########  BRONZE: bronze_crimes_cellphones/2024
2025-03-19 19:32:28 - ETL - INFO - read_data: 377.55s
2025-03-19 19:32:29 - ETL - INFO - treat_data: 0.95s
2025-03-19 19:32:51 - ETL - INFO - write_data: 22.07s
2025-03-19 19:32:51 - ETL - INFO - rows: 412527
2025-03-19 19:32:54 - ETL - INFO - test_data: 3.15s
2025-03-19 19:32:54 - ETL - INFO - ##########  BRONZE: bronze_crimes_cellphones/2023
2025-03-19 19:40:15 - ETL - INFO - read_data: 440.84s
2025-03-19 19:40:15 - ETL - INFO - treat_data: 0.80s
2025-03-19 19:40:32 - ETL - INFO - write_data: 16.40s
2025-03-19 19:40:32 - ETL - INFO - rows: 902681
2025-03-19 19:40:34 - ETL - INFO - test_data: 2.10s
2025-03-19 19:40:34 - ETL - INFO - ##########  BRONZE: bronze_crimes_cellphones/2022
2025-03-19 19:46:11 - ETL - INFO - read_data: 337.25s
2025-03-19 19:46:12 - ETL - INFO - treat_data: 0.64s
2025-03-19 19:46:27 - ETL - INFO - write_data: 14.85s
2025-03-19 19:46:27 - ETL - INFO - rows: 1345411
2025-03-19 19:46:29 - ETL - INFO - test_data: 2.09s
2025-03-19 19:46:29 - ETL - INFO - ##########  BRONZE: bronze_crimes_cellphones/2021
2025-03-19 19:51:25 - ETL - INFO - read_data: 296.06s
2025-03-19 19:51:25 - ETL - INFO - treat_data: 0.54s
2025-03-19 19:51:40 - ETL - INFO - write_data: 14.25s
2025-03-19 19:51:40 - ETL - INFO - rows: 1737655
2025-03-19 19:51:43 - ETL - INFO - test_data: 2.93s
2025-03-19 19:51:43 - ETL - INFO - ##########  BRONZE: bronze_crimes_cellphones/2020
2025-03-19 19:56:23 - ETL - INFO - read_data: 280.95s
2025-03-19 19:56:24 - ETL - INFO - treat_data: 0.57s
2025-03-19 19:56:38 - ETL - INFO - write_data: 14.06s
2025-03-19 19:56:39 - ETL - INFO - rows: 2110690
2025-03-19 19:56:41 - ETL - INFO - test_data: 3.12s
2025-03-19 19:56:41 - ETL - INFO - ##########  BRONZE: bronze_crimes_cellphones/2019
2025-03-19 20:03:10 - ETL - INFO - read_data: 388.75s
2025-03-19 20:03:11 - ETL - INFO - treat_data: 0.59s
2025-03-19 20:03:28 - ETL - INFO - write_data: 17.66s
2025-03-19 20:03:28 - ETL - INFO - rows: 2629015
2025-03-19 20:03:31 - ETL - INFO - test_data: 2.95s
2025-03-19 20:03:31 - ETL - INFO - ##########  BRONZE: bronze_crimes_cellphones/2018
2025-03-19 20:09:42 - ETL - INFO - read_data: 370.52s
2025-03-19 20:09:42 - ETL - INFO - treat_data: 0.56s
2025-03-19 20:09:59 - ETL - INFO - write_data: 16.61s
2025-03-19 20:09:59 - ETL - INFO - rows: 3122601
2025-03-19 20:10:02 - ETL - INFO - test_data: 3.07s
2025-03-19 20:10:02 - ETL - INFO - ##########  BRONZE: bronze_crimes_cellphones/2017
2025-03-19 20:16:37 - ETL - INFO - read_data: 395.39s
2025-03-19 20:16:38 - ETL - INFO - treat_data: 0.55s
2025-03-19 20:16:55 - ETL - INFO - write_data: 17.23s
2025-03-19 20:16:55 - ETL - INFO - rows: 3644312
2025-03-19 20:16:59 - ETL - INFO - test_data: 3.80s
2025-03-19 20:16:59 - ETL - INFO - ##########  BRONZE: bronze_crimes_vehicles/2024
2025-03-19 20:21:06 - ETL - INFO - read_data: 247.19s
2025-03-19 20:21:07 - ETL - INFO - treat_data: 0.59s
2025-03-19 20:21:17 - ETL - INFO - write_data: 10.77s
2025-03-19 20:21:18 - ETL - INFO - rows: 274733
2025-03-19 20:21:18 - ETL - INFO - test_data: 0.89s
2025-03-19 20:21:18 - ETL - INFO - ##########  BRONZE: bronze_crimes_vehicles/2023
2025-03-19 20:25:47 - ETL - INFO - read_data: 268.27s
2025-03-19 20:25:47 - ETL - INFO - treat_data: 0.59s
2025-03-19 20:25:59 - ETL - INFO - write_data: 12.26s
2025-03-19 20:26:00 - ETL - INFO - rows: 583074
2025-03-19 20:26:01 - ETL - INFO - test_data: 1.05s
2025-03-19 20:26:01 - ETL - INFO - ##########  BRONZE: bronze_crimes_vehicles/2022
2025-03-19 20:29:02 - ETL - INFO - read_data: 181.67s
2025-03-19 20:29:03 - ETL - INFO - treat_data: 0.51s
2025-03-19 20:29:12 - ETL - INFO - write_data: 9.44s
2025-03-19 20:29:12 - ETL - INFO - rows: 799262
2025-03-19 20:29:14 - ETL - INFO - test_data: 1.57s
2025-03-19 20:29:14 - ETL - INFO - ##########  BRONZE: bronze_crimes_vehicles/2021
2025-03-19 20:31:37 - ETL - INFO - read_data: 143.68s
2025-03-19 20:31:38 - ETL - INFO - treat_data: 0.54s
2025-03-19 20:31:46 - ETL - INFO - write_data: 8.50s
2025-03-19 20:31:47 - ETL - INFO - rows: 973354
2025-03-19 20:31:48 - ETL - INFO - test_data: 1.64s
2025-03-19 20:31:48 - ETL - INFO - ##########  BRONZE: bronze_crimes_vehicles/2020
2025-03-19 20:34:02 - ETL - INFO - read_data: 134.25s
2025-03-19 20:34:03 - ETL - INFO - treat_data: 0.55s
2025-03-19 20:34:11 - ETL - INFO - write_data: 7.65s
2025-03-19 20:34:11 - ETL - INFO - rows: 1136603
2025-03-19 20:34:13 - ETL - INFO - test_data: 2.02s
2025-03-19 20:34:13 - ETL - INFO - ##########  BRONZE: bronze_crimes_vehicles/2019
2025-03-19 20:37:19 - ETL - INFO - read_data: 185.97s
2025-03-19 20:37:19 - ETL - INFO - treat_data: 0.55s
2025-03-19 20:37:29 - ETL - INFO - write_data: 9.60s
2025-03-19 20:37:29 - ETL - INFO - rows: 1363930
2025-03-19 20:37:30 - ETL - INFO - test_data: 1.82s
2025-03-19 20:37:30 - ETL - INFO - ##########  BRONZE: bronze_crimes_vehicles/2018
2025-03-19 20:41:07 - ETL - INFO - read_data: 216.99s
2025-03-19 20:41:08 - ETL - INFO - treat_data: 0.58s
2025-03-19 20:41:19 - ETL - INFO - write_data: 10.61s
2025-03-19 20:41:19 - ETL - INFO - rows: 1628499
2025-03-19 20:41:21 - ETL - INFO - test_data: 1.94s
2025-03-19 20:41:21 - ETL - INFO - ##########  BRONZE: bronze_crimes_vehicles/2017
2025-03-19 20:45:07 - ETL - INFO - read_data: 226.29s
2025-03-19 20:45:07 - ETL - INFO - treat_data: 0.61s
2025-03-19 20:45:18 - ETL - INFO - write_data: 10.89s
2025-03-19 20:45:19 - ETL - INFO - rows: 1905879
2025-03-19 20:45:21 - ETL - INFO - test_data: 2.23s
2025-03-19 20:45:21 - ETL - INFO - ##########  BRONZE: bronze_crimes_others/2024
2025-03-19 20:55:21 - ETL - INFO - read_data: 600.37s
2025-03-19 20:55:21 - ETL - INFO - treat_data: 0.31s
2025-03-19 20:55:44 - ETL - INFO - write_data: 22.34s
2025-03-19 20:55:44 - ETL - INFO - rows: 1191801
2025-03-19 20:55:45 - ETL - INFO - test_data: 1.83s
2025-03-19 20:55:45 - ETL - INFO - ##########  BRONZE: bronze_crimes_others/2023
2025-03-19 21:06:17 - ETL - INFO - read_data: 631.66s
2025-03-19 21:06:17 - ETL - INFO - treat_data: 0.29s
2025-03-19 21:06:43 - ETL - INFO - write_data: 26.06s
2025-03-19 21:06:44 - ETL - INFO - rows: 2433710
2025-03-19 21:06:47 - ETL - INFO - test_data: 3.57s
2025-03-19 21:06:47 - ETL - INFO - ##########  BRONZE: bronze_crimes_others/2022
2025-03-19 21:15:46 - ETL - INFO - read_data: 539.02s
2025-03-19 21:15:46 - ETL - INFO - treat_data: 0.28s
2025-03-19 21:16:09 - ETL - INFO - write_data: 22.66s
2025-03-19 21:16:09 - ETL - INFO - rows: 3631683
2025-03-19 21:16:13 - ETL - INFO - test_data: 4.40s
2025-03-19 21:16:13 - ETL - INFO - ##########  BRONZE: bronze_scs_demographics/2022
2025-03-19 21:16:14 - ETL - INFO - read_data: 0.60s
2025-03-19 21:16:14 - ETL - INFO - treat_data: 0.40s
2025-03-19 21:16:27 - ETL - INFO - write_data: 12.29s
2025-03-19 21:16:27 - ETL - INFO - rows: 468099
2025-03-19 21:16:28 - ETL - INFO - test_data: 1.44s
2025-03-19 21:16:28 - ETL - INFO - ##########  BRONZE: bronze_scs_geom/2022
2025-03-19 21:16:28 - ETL - INFO - read_data: 0.30s
2025-03-19 21:16:29 - ETL - INFO - treat_data: 0.36s
2025-03-19 21:21:19 - ETL - INFO - write_data: 290.21s
2025-03-19 21:21:19 - ETL - INFO - rows: 472780
2025-03-19 21:22:29 - ETL - INFO - test_data: 69.99s
2025-03-19 21:22:29 - ETL - INFO - tables: 6979.08s
2025-03-19 21:22:29 - ETL - INFO - ##################### SILVER #####################
2025-03-19 21:22:29 - ETL - INFO - ##########  SILVER: silver_scs_demographics
2025-03-19 21:22:29 - ETL - INFO - read_data: 0.13s
2025-03-19 21:22:29 - ETL - INFO - treat_data_scs_demographics: 0.06s
2025-03-19 21:22:32 - ETL - INFO - write_data: 3.16s
2025-03-19 21:22:33 - ETL - INFO - rows: 103319
2025-03-19 21:22:33 - ETL - INFO - test_data: 1.14s
2025-03-19 21:22:33 - ETL - INFO - silver_scs_demographics: 4.49s
2025-03-19 21:22:33 - ETL - INFO - ##########  SILVER: silver_mun_demographics
2025-03-19 21:22:34 - ETL - INFO - read_data: 0.10s
2025-03-19 21:22:34 - ETL - INFO - treat_data_mun_demographics: 0.11s
2025-03-19 21:22:35 - ETL - INFO - write_data: 0.99s
2025-03-19 21:22:35 - ETL - INFO - rows: 645
2025-03-19 21:22:35 - ETL - INFO - test_data: 0.58s
2025-03-19 21:22:35 - ETL - INFO - silver_mun_demographics: 1.78s
2025-03-19 21:22:35 - ETL - INFO - ##########  SILVER: silver_scs_geom
2025-03-19 21:22:35 - ETL - INFO - read_data: 0.13s
2025-03-19 21:22:36 - ETL - INFO - treat_data_scs_geom: 0.29s
2025-03-19 21:22:50 - ETL - INFO - write_data: 14.06s
2025-03-19 21:22:50 - ETL - INFO - rows: 103319
2025-03-19 21:23:00 - ETL - INFO - test_data: 10.66s
2025-03-19 21:23:00 - ETL - INFO - silver_scs_geom: 25.14s
2025-03-19 21:23:00 - ETL - INFO - ##########  SILVER: silver_mun_geom
2025-03-19 21:23:01 - ETL - INFO - read_data: 0.16s
2025-03-19 21:23:01 - ETL - INFO - treat_data_mun_geom: 0.15s
2025-03-19 21:23:59 - ETL - INFO - write_data: 58.15s
2025-03-19 21:23:59 - ETL - INFO - rows: 645
2025-03-19 21:24:00 - ETL - INFO - test_data: 1.54s
2025-03-19 21:24:00 - ETL - INFO - silver_mun_geom: 60.00s
2025-03-19 21:24:00 - ETL - INFO - ##########  SILVER: silver_scs
2025-03-19 21:24:01 - ETL - INFO - read_data: 0.14s
2025-03-19 21:24:01 - ETL - INFO - read_data: 0.12s
2025-03-19 21:24:01 - ETL - INFO - treat_data_final: 0.04s
2025-03-19 21:24:04 - ETL - INFO - write_data: 2.98s
2025-03-19 21:24:04 - ETL - INFO - rows: 103319
2025-03-19 21:24:13 - ETL - INFO - test_data: 9.17s
2025-03-19 21:24:13 - ETL - INFO - silver_scs: 12.47s
2025-03-19 21:24:13 - ETL - INFO - ##########  SILVER: silver_mun
2025-03-19 21:24:13 - ETL - INFO - read_data: 0.11s
2025-03-19 21:24:13 - ETL - INFO - read_data: 0.11s
2025-03-19 21:24:13 - ETL - INFO - treat_data_final: 0.02s
2025-03-19 21:24:18 - ETL - INFO - write_data: 4.94s
2025-03-19 21:24:22 - ETL - INFO - rows: 645
2025-03-19 21:24:25 - ETL - INFO - test_data: 7.41s
2025-03-19 21:24:25 - ETL - INFO - silver_mun: 12.60s
2025-03-19 21:24:25 - ETL - INFO - tables: 116.48s
2025-03-19 21:24:25 - ETL - INFO - ##########  SILVER: silver_crimes_cellphones
2025-03-19 21:24:26 - ETL - INFO - read_data: 0.11s
2025-03-19 21:24:26 - ETL - INFO - treat_data: 0.54s
2025-03-19 21:25:29 - ETL - INFO - write_data: 62.73s
2025-03-19 21:25:29 - ETL - INFO - rows: 2239322
2025-03-19 21:25:35 - ETL - INFO - test_data: 5.81s
2025-03-19 21:25:35 - ETL - INFO - silver_crimes_cellphones: 69.18s
2025-03-19 21:25:35 - ETL - INFO - ##########  SILVER: silver_crimes_vehicles
2025-03-19 21:25:35 - ETL - INFO - read_data: 0.13s
2025-03-19 21:25:35 - ETL - INFO - treat_data: 0.35s
2025-03-19 21:26:03 - ETL - INFO - write_data: 27.55s
2025-03-19 21:26:03 - ETL - INFO - rows: 1097697
2025-03-19 21:26:06 - ETL - INFO - test_data: 2.82s
2025-03-19 21:26:06 - ETL - INFO - silver_crimes_vehicles: 30.85s
2025-03-19 21:26:06 - ETL - INFO - ##########  SILVER: silver_crimes_others
2025-03-19 21:26:06 - ETL - INFO - read_data: 0.13s
2025-03-19 21:26:06 - ETL - INFO - treat_data_others: 0.39s
2025-03-19 21:26:55 - ETL - INFO - write_data: 49.37s
2025-03-19 21:26:56 - ETL - INFO - rows: 2586938
2025-03-19 21:27:02 - ETL - INFO - test_data: 6.39s
2025-03-19 21:27:02 - ETL - INFO - silver_crimes_others: 56.28s
2025-03-19 21:27:02 - ETL - INFO - ##########  SILVER: silver_crimes
2025-03-19 21:27:02 - ETL - INFO - read_data: 0.19s
2025-03-19 21:27:02 - ETL - INFO - read_data: 0.18s
2025-03-19 21:27:02 - ETL - INFO - read_data: 0.16s
2025-03-19 21:27:02 - ETL - INFO - read_data: 0.15s
2025-03-19 21:27:04 - ETL - INFO - treat_data_crimes: 1.42s
2025-03-19 21:33:29 - ETL - INFO - write_data: 384.67s
2025-03-19 21:33:47 - ETL - INFO - rows: 5067742
2025-03-19 21:35:40 - ETL - INFO - test_data: 131.13s
2025-03-19 21:35:40 - ETL - INFO - silver_crimes: 517.92s
2025-03-19 21:35:40 - ETL - INFO - tables: 674.23s
2025-03-19 21:35:40 - ETL - INFO - ###################### GOLD ######################
2025-03-19 21:35:40 - ETL - INFO - ##########  GOLD: gold_crimes
2025-03-19 21:35:43 - ETL - INFO - read_data: 3.61s
2025-03-19 21:35:43 - ETL - INFO - treat_data_crimes: 0.01s
2025-03-19 21:36:39 - ETL - INFO - write_data: 55.69s
2025-03-19 21:36:39 - ETL - INFO - rows: 5067742
2025-03-19 21:36:45 - ETL - INFO - test_data: 6.20s
2025-03-19 21:36:45 - ETL - INFO - gold_crimes: 65.51s
2025-03-19 21:36:45 - ETL - INFO - ##########  GOLD: gold_crimes_scs
2025-03-19 21:36:49 - ETL - INFO - read_data: 3.65s
2025-03-19 21:36:49 - ETL - INFO - read_data: 0.09s
2025-03-19 21:37:11 - ETL - INFO - treat_data_scs: 22.18s
2025-03-19 21:38:15 - ETL - INFO - write_data: 63.74s
2025-03-19 21:38:15 - ETL - INFO - rows: 532229
2025-03-19 21:38:18 - ETL - INFO - test_data: 3.56s
2025-03-19 21:38:18 - ETL - INFO - gold_crimes_scs: 93.24s
2025-03-19 21:38:18 - ETL - INFO - ##########  GOLD: gold_crimes_mun
2025-03-19 21:38:22 - ETL - INFO - read_data: 3.72s
2025-03-19 21:38:24 - ETL - INFO - read_data: 1.88s
2025-03-19 21:38:45 - ETL - INFO - treat_data_mun: 21.13s
2025-03-19 21:39:40 - ETL - INFO - write_data: 55.19s
2025-03-19 21:39:41 - ETL - INFO - rows: 4952
2025-03-19 21:39:42 - ETL - INFO - test_data: 1.99s
2025-03-19 21:39:42 - ETL - INFO - gold_crimes_mun: 83.91s
2025-03-19 21:39:44 - ETL - INFO - ################ ETL PROCESS DONE ################
